{
  "RSpec": {
    "coverage": {
      "/myapp/spec/support/database_cleaner.rb": {
        "lines": [
          1,
          1,
          null,
          1,
          1,
          null,
          1,
          null,
          null,
          null,
          1,
          7,
          null,
          null,
          1,
          0,
          null,
          null,
          1,
          7,
          null,
          null,
          1,
          7,
          null,
          null
        ]
      },
      "/myapp/spec/support/helpers.rb": {
        "lines": [
          1,
          1,
          7,
          null,
          null
        ]
      },
      "/myapp/spec/support/test_utils.rb": {
        "lines": [
          1,
          1,
          1,
          null
        ]
      },
      "/myapp/app/models/search.rb": {
        "lines": [
          1,
          1,
          null
        ]
      },
      "/myapp/app/models/application_record.rb": {
        "lines": [
          1,
          1,
          null
        ]
      },
      "/myapp/app/models/user_search.rb": {
        "lines": [
          1,
          1,
          1,
          null
        ]
      },
      "/myapp/app/models/user.rb": {
        "lines": [
          1,
          1,
          1,
          1,
          1,
          null
        ]
      },
      "/myapp/app/controllers/application_controller.rb": {
        "lines": [
          1,
          1,
          null,
          1,
          7,
          null,
          null,
          1,
          32,
          null,
          null,
          1,
          16,
          16,
          null,
          16,
          0,
          0,
          null,
          null,
          null,
          null,
          1,
          8,
          8,
          8,
          null,
          null,
          null,
          1,
          8,
          null,
          null,
          1,
          8,
          null,
          null
        ]
      },
      "/myapp/app/controllers/api/v1/users_controller.rb": {
        "lines": [
          1,
          1,
          null,
          1,
          7,
          7,
          7,
          7,
          null,
          0,
          null,
          null,
          null,
          1,
          0,
          0,
          0,
          0,
          null,
          0,
          null,
          null,
          null,
          null,
          1,
          null,
          1,
          7,
          null,
          null
        ]
      },
      "/myapp/app/controllers/api/v1/businesses_controller.rb": {
        "lines": [
          1,
          1,
          null,
          1,
          8,
          6,
          null,
          6,
          6,
          null,
          6,
          5,
          null,
          4,
          4,
          4,
          4,
          4,
          null,
          0,
          null,
          null,
          null,
          1,
          null,
          1,
          47,
          null,
          null
        ]
      },
      "/myapp/app/services/location_service.rb": {
        "lines": [
          1,
          null,
          1,
          null,
          6,
          null,
          null
        ]
      },
      "/myapp/app/services/business_service.rb": {
        "lines": [
          1,
          null,
          1,
          6,
          6,
          6,
          null,
          null,
          null,
          null,
          null,
          1,
          null,
          4,
          4,
          4,
          4,
          4,
          4,
          null,
          4,
          null,
          0,
          null,
          null,
          null,
          1,
          6,
          2,
          null,
          null,
          1,
          5,
          5,
          5,
          2,
          null,
          null
        ]
      }
    },
    "timestamp": 1597329642
  }
}
